[handleMsg]:  {
  key: {
    remoteJid: '573185215524@s.whatsapp.net',
    fromMe: false,
    id: '3A0DB70C53493CA5AADE',
    participant: undefined
  },
  messageTimestamp: 1746818706,
  pushName: 'Andres G',
  broadcast: false,
  message: Message {
    conversation: 'buenas',
    messageContextInfo: MessageContextInfo {
      deviceListMetadata: [DeviceListMetadata],
      deviceListMetadataVersion: 2,
      messageSecret: [Uint8Array]
    }
  },
  body: 'buenas',
  from: '573185215524'
}
[QUEUE_SE_ENVIO]:  {
  ref: 'ans_75cf1651-36b6-47ad-8c7e-489cdbb7f3a8',
  keyword: 'key_0412694c-21b4-411b-bc44-2d4052ee981b',
  answer: '__call_action__',
  options: {
    media: null,
    buttons: [],
    capture: false,
    child: null,
    delay: 0,
    idle: null,
    ref: null,
    nested: [],
    keyword: {},
    callback: true
  },
  refSerialize: '9c918821fcfa6df8d3512bc9b84b3eb1'
}
[QUEUE_SE_ENVIO]:  {
  ref: 'ans_cfca9207-d86a-4c8d-8070-9c0848759973',
  keyword: 'ans_75cf1651-36b6-47ad-8c7e-489cdbb7f3a8',
  answer: 'Por favor, elige la opci칩n que m치s te interese 游녢\n' +
    '\n' +
    '*1*. Pauta Empresas\n' +
    '*2*. Presentando solteros (con o sin foto)\n' +
    '*3*. Historias\n' +
    '*4*. Entrevista Presencial\n',
  options: {
    media: null,
    buttons: [],
    capture: true,
    child: null,
    delay: 0,
    idle: null,
    ref: null,
    nested: [],
    keyword: {},
    callback: true
  },
  refSerialize: 'a049bd522e18dfe7866149f8fb1af15b'
}
[handleMsg]:  {
  key: {
    remoteJid: '573185215524@s.whatsapp.net',
    fromMe: false,
    id: '3ADF63E1087D39BC5AC2',
    participant: undefined
  },
  messageTimestamp: 1746818722,
  pushName: 'Andres G',
  broadcast: false,
  message: Message {
    conversation: '1',
    messageContextInfo: MessageContextInfo {
      deviceListMetadata: [DeviceListMetadata],
      deviceListMetadataVersion: 2,
      messageSecret: [Uint8Array]
    }
  },
  body: '1',
  from: '573185215524'
}
[handleMsg]:  {
  key: {
    remoteJid: '573185215524@s.whatsapp.net',
    fromMe: false,
    id: '3A316632BF91D6C6955D',
    participant: undefined
  },
  messageTimestamp: 1746818794,
  pushName: 'Andres G',
  broadcast: false,
  message: Message {
    conversation: 'Hola',
    messageContextInfo: MessageContextInfo {
      deviceListMetadata: [DeviceListMetadata],
      deviceListMetadataVersion: 2,
      messageSecret: [Uint8Array]
    }
  },
  body: 'Hola',
  from: '573185215524'
}
[QUEUE_SE_ENVIO]:  {
  ref: 'ans_75cf1651-36b6-47ad-8c7e-489cdbb7f3a8',
  keyword: 'key_0412694c-21b4-411b-bc44-2d4052ee981b',
  answer: '__call_action__',
  options: {
    media: null,
    buttons: [],
    capture: false,
    child: null,
    delay: 0,
    idle: null,
    ref: null,
    nested: [],
    keyword: {},
    callback: true
  },
  refSerialize: '9c918821fcfa6df8d3512bc9b84b3eb1'
}
[QUEUE_SE_ENVIO]:  {
  ref: 'ans_cfca9207-d86a-4c8d-8070-9c0848759973',
  keyword: 'ans_75cf1651-36b6-47ad-8c7e-489cdbb7f3a8',
  answer: 'Por favor, elige la opci칩n que m치s te interese 游녢\n' +
    '\n' +
    '*1*. Pauta Empresas\n' +
    '*2*. Presentando solteros (con o sin foto)\n' +
    '*3*. Historias\n' +
    '*4*. Entrevista Presencial\n',
  options: {
    media: null,
    buttons: [],
    capture: true,
    child: null,
    delay: 0,
    idle: null,
    ref: null,
    nested: [],
    keyword: {},
    callback: true
  },
  refSerialize: 'a049bd522e18dfe7866149f8fb1af15b'
}
[handleMsg]:  {
  key: {
    remoteJid: '573185215524@s.whatsapp.net',
    fromMe: false,
    id: '3A894275B5A44D759C31',
    participant: undefined
  },
  messageTimestamp: 1746818808,
  pushName: 'Andres G',
  broadcast: false,
  message: Message {
    conversation: '1',
    messageContextInfo: MessageContextInfo {
      deviceListMetadata: [DeviceListMetadata],
      deviceListMetadataVersion: 2,
      messageSecret: [Uint8Array]
    }
  },
  body: '1',
  from: '573185215524'
}
